<?xml version="1.0" encoding="UTF-8"?>
<testsuite name="HelloTest" tests="1" skipped="0" failures="0" errors="0" timestamp="2021-05-10T03:42:59" hostname="LIM-WS1809.local" time="0.001">
  <properties/>
  <testcase name="testGetMessage" classname="HelloTest" time="0.001"/>
  <system-out><![CDATA[]]></system-out>
  <system-err><![CDATA[]]></system-err>
</testsuite>
